<?xml version="1.0" encoding="UTF-8"?><testsuite errors="0" failures="1" name="uTest" skipped="0" tests="1" time="32.06" timestamp="2022-03-31 02:08:46"><testcase name="Fill in the form in order to create a new user"><failure message="Expected enabled element was not enabled" type="net.thucydides.core.webdriver.exceptions.ElementShouldBeEnabledException">Expected enabled element was not enabled</failure><system-err>Expected enabled element was not enabled&#13;
tasks.Password.performAs(Password.java:21)&#13;
stepdefinitions.uTestStetpDefinitions.heFillInTheFormAndCreateANewUser(uTestStetpDefinitions.java:28)&#13;
cucumber.runner.Runner.runPickle(Runner.java:80)&#13;
</system-err></testcase></testsuite>