<?xml version="1.0" encoding="UTF-8"?><testsuite errors="0" failures="1" name="uTest" skipped="0" tests="1" time="22.82" timestamp="2022-04-04 12:51:16"><testcase name="Fill in the form in order to create a new user"><failure message="Expected enabled element was not enabled" type="net.thucydides.core.webdriver.exceptions.ElementShouldBeEnabledException">Expected enabled element was not enabled</failure><system-err>Expected enabled element was not enabled&#13;
tasks.Devices.performAs(Devices.java:23)&#13;
stepdefinitions.uTestStetpDefinitions.heFillInTheFormAndCreateANewUser(uTestStetpDefinitions.java:28)&#13;
cucumber.runner.Runner.runPickle(Runner.java:80)&#13;
</system-err></testcase></testsuite>